<?xml version="1.0" encoding="UTF-8"?>
<!-- Generated by org.testng.reporters.JUnitXMLReporter -->
<testsuite ignored="2" hostname="DESKTOP-GPFO883" failures="1" tests="2" name="Module name 3 " time="0.009" errors="0" timestamp="2022-06-24T16:43:27 PDT">
  <testcase classname="testNGPackage.runModule3" name="m3test3" time="0.002">
    <failure type="java.lang.AssertionError" message="expected [true] but found [false]">
      <![CDATA[java.lang.AssertionError: expected [true] but found [false]
at testNGPackage.runModule3.m3test3(runModule3.java:26)
at java.base/java.util.ArrayList.forEach(ArrayList.java:1511)
... Removed 29 stack frames]]>
    </failure>
  </testcase> <!-- m3test3 -->
  <testcase classname="testNGPackage.runModule3" name="m3test4" time="0.001"/>
  <testcase classname="testNGPackage.runModule3" name="mod3test1" time="0.0">
    <ignored/>
  </testcase> <!-- mod3test1 -->
  <testcase classname="testNGPackage.runModule3" name="mod3test2" time="0.0">
    <ignored/>
  </testcase> <!-- mod3test2 -->
</testsuite> <!-- Module name 3  -->
